2024-11-26 09:52:48 info: GET /calendly/oauth/authorize
2024-11-26 09:52:49 info: GET /calendly/oauth/authorize
2024-11-26 09:52:49 info: GET /calendly/oauth/redirect?code=2Otk9ZPZqwDtihshnBmnFskVLv4JQhh9jUsxVrNGgZM
2024-11-26 09:54:22 info: GET /calendly/schedule-meeting
2024-11-26 09:54:23 info: GET /calendly/oauth/redirect?code=Q2D2eG8BWhDXuKSpkZEl9mARtOmJRt1nG_g_bS2Wbcs
2024-11-26 10:20:32 info: GET /calendly/schedule-meeting
2024-11-26 10:20:33 info: GET /calendly/oauth/redirect?code=PTcj4dco3lSLNj-FntztIwIn6oie1EGc6Aao-1ULcOw
2024-11-26 10:21:59 info: GET /calendly/schedule-meeting
2024-11-26 10:22:00 info: GET /calendly/oauth/redirect?code=z9-NIHJV5bL0IILg6KMw_UhZV5_sVVdi0FX0IWEEscM
2024-11-26 10:23:38 info: GET /calendly/schedule-meeting
2024-11-26 10:23:39 info: GET /calendly/schedule-meeting
2024-11-26 10:23:40 info: GET /calendly/oauth/redirect?code=-K2Cz1GpM_3uPRGJ7a6FW43_V5O9xv-4BntDdE4Lex8
2024-11-26 10:38:53 info: GET /calendly/schedule-meeting
2024-11-26 10:38:53 info: GET /calendly/schedule-meeting
2024-11-26 10:38:54 info: GET /calendly/oauth/redirect?code=5F9TkPt6Pp3n5TwxZ6jQeqg7iVUedCJ9x18NA6nm4oQ
2024-11-26 10:44:54 info: GET /calendly/schedule-meeting
2024-11-26 10:44:55 info: GET /calendly/schedule-meeting
2024-11-26 10:44:55 info: GET /calendly/oauth/redirect?code=gutDuAHCcL5YBi99QmW8BqAzlWEqLPIvZ4mOWu50MtU
2024-11-26 10:44:58 info: GET /favicon.ico
2024-11-26 10:47:15 info: GET /calendly/schedule-meeting
2024-11-26 10:47:16 info: GET /calendly/schedule-meeting
2024-11-26 10:47:16 info: GET /calendly/oauth/redirect?code=BmUu1l0sf5ZUly46AFA6wJF6fGDEkI_zk2TkD7qVtCU
2024-11-26 10:47:19 info: GET /favicon.ico
2024-11-26 10:48:54 info: GET /calendly/schedule-meeting
2024-11-26 10:48:54 info: GET /calendly/schedule-meeting
2024-11-26 10:48:55 info: GET /calendly/oauth/redirect?code=mdr-ee59q9MZxnxbLsaan_0PTtPbcCd0WQcITI0ZP4o
2024-11-26 10:48:57 info: GET /favicon.ico
2024-11-26 10:49:50 info: GET /calendly/schedule-meeting
2024-11-26 10:49:50 info: GET /calendly/schedule-meeting
2024-11-26 10:49:51 info: GET /calendly/oauth/redirect?code=UriH5-NhTZveNJBmQ3I6tzg6bEg46K6IzsHUIr-jux4
2024-11-26 10:49:53 info: GET /favicon.ico
2024-11-26 10:51:10 info: GET /calendly/schedule-meeting
2024-11-26 10:51:11 info: GET /calendly/schedule-meeting
2024-11-26 10:51:12 info: GET /calendly/oauth/redirect?code=Uo0Psq2z2sgDw-k_oT-DlXPrSK4t3x7E9WqZwF3LTac
2024-11-26 10:54:08 info: GET /calendly/schedule-meeting
2024-11-26 10:54:08 info: GET /calendly/schedule-meeting
2024-11-26 10:54:10 info: GET /calendly/oauth/redirect?code=nTZs50pjtmnxk1Yzqx0_m0sc-GXKu0qP9_cOhg_JZOw
2024-11-26 10:59:01 info: GET /calendly/schedule-meeting
2024-11-26 10:59:02 info: GET /calendly/schedule-meeting
2024-11-26 10:59:02 info: GET /calendly/oauth/redirect?code=4iGhOUVfWL8YOKw6zumt6-RoYEWdulf11Gs5FvG4SSE
2024-11-26 11:49:37 info: GET /calendly/schedule-meeting
2024-11-26 11:49:38 info: GET /calendly/schedule-meeting
2024-11-26 11:49:39 info: GET /calendly/oauth/redirect?code=3OgXrzrsmC7QOwtK7XeWfs8dQFqeyeMVy6yoZ_Gq8H8
2024-11-26 11:53:23 info: GET /calendly/schedule-meeting
2024-11-26 11:53:24 info: GET /calendly/schedule-meeting
2024-11-26 11:54:18 info: GET /calendly/oauth/redirect?code=vpxpB2Th8dbbaT-mXErAFzAkuKIE1-2W8CNNmDphOT0
2024-11-26 12:18:29 info: GET /calendly/schedule-meeting
2024-11-26 12:18:31 info: GET /calendly/oauth/redirect?code=5zoOPKwtarsV036m9Oqwx6Pznp951J8c_tIWWsBJevE
