2024-11-22 13:02:57 info: GET /user/generate-token
2024-11-22 13:03:05 info: GET /phones/get-phones
2024-11-22 13:03:06 info: GET /phones/get-phones
2024-11-22 13:03:07 info: GET /phones/get-phones
2024-11-22 13:03:08 info: GET /phones/get-phones
2024-11-22 13:03:09 info: GET /phones/get-phones
2024-11-22 14:35:48 info: GET /phones/get-phones
2024-11-22 14:35:51 info: GET /phones/get-phones
2024-11-22 14:37:13 info: OPTIONS /phones/get-phones
2024-11-22 14:37:13 info: GET /phones/get-phones
2024-11-22 14:37:16 info: GET /phones/get-phones
2024-11-22 14:37:25 info: POST /phones/get-phones
2024-11-22 14:37:25 info: POST /phones/get-phones
2024-11-22 14:37:31 info: POST /phones/get-phones
2024-11-22 14:37:32 info: POST /phones/get-phones
2024-11-22 14:37:32 info: POST /phones/get-phones
2024-11-22 14:37:32 info: POST /phones/get-phones
2024-11-22 14:37:32 info: POST /phones/get-phones
2024-11-22 14:37:33 info: POST /phones/get-phones
2024-11-22 14:37:33 info: POST /phones/get-phones
2024-11-22 14:40:52 info: OPTIONS /phones/add-phone
2024-11-22 14:40:52 info: POST /phones/add-phone
2024-11-22 14:41:58 info: POST /phones/add-phone
