2024-11-27 10:36:41 info: GET /calendly/schedule-meeting
2024-11-27 10:36:41 info: GET /calendly/schedule-meeting
2024-11-27 10:36:42 info: GET /calendly/oauth/redirect?code=9QQtd1gYAjwlZeSu5RcYcqwXMVpAc556ybjXGG_HaK4
2024-11-27 10:44:05 info: GET /calendly/schedule-meeting
2024-11-27 10:44:06 info: GET /calendly/oauth/redirect?code=ShfYAVm-P2afR_AdaVZxnjG7ZKrHc-a9uMVKTtOnrh0
2024-11-27 10:49:51 info: GET /calendly/schedule-meeting
2024-11-27 10:49:52 info: GET /calendly/schedule-meeting
2024-11-27 10:49:53 info: GET /calendly/oauth/redirect?code=7upM5esSYKMM-8XFYjdlppVP2qV0CNJNxk4OIRkzrKI
2024-11-27 11:34:14 info: GET /calendly/schedule-meeting
2024-11-27 11:34:14 info: GET /calendly/schedule-meeting
2024-11-27 11:34:15 info: GET /calendly/oauth/redirect?code=yiljZaPu_AeQWgg1qhXCYYLpGe8FZDc5GM5tmihYmSQ
2024-11-27 11:37:18 info: GET /calendly/schedule-meeting
2024-11-27 11:37:19 info: GET /calendly/oauth/redirect?code=zzZjR8gnSjjQKlD3k0HaFHB32_wfEDyeo7i3lXBQ_jY
2024-11-27 11:37:59 info: GET /calendly/schedule-meeting
2024-11-27 11:38:00 info: GET /calendly/oauth/redirect?code=Zc5gkkCp-NvryH-4eYiunLyVHU2T5sj0u-71ewZuBPk
2024-11-27 11:39:57 info: GET /calendly/schedule-meeting
2024-11-27 11:40:10 info: GET /calendly/all-events
2024-11-27 11:40:11 info: GET /favicon.ico
2024-11-27 11:40:45 info: GET /calendly/schedule-meeting
2024-11-27 11:41:06 info: GET /calendly/schedule-meeting
2024-11-27 11:41:07 info: GET /calendly/oauth/redirect?code=wO3BF4oa5CJHB0JEtn42avKcbr2nPXpbcHYG5UkVzfE
2024-11-27 11:41:14 info: GET /calendly/all-events
2024-11-27 11:41:15 info: GET /favicon.ico
2024-11-27 11:42:40 info: GET /calendly/schedule-meeting
2024-11-27 11:42:40 info: GET /calendly/schedule-meeting
2024-11-27 11:42:41 info: GET /calendly/oauth/redirect?code=IGP-g-6mQdolzACcwb04gOFXfrCOr58y9yj9-VbOR5U
2024-11-27 11:42:46 info: GET /calendly/all-events
2024-11-27 11:42:47 info: GET /favicon.ico
2024-11-27 11:44:27 info: GET /calendly/schedule-meeting
2024-11-27 11:44:27 info: GET /calendly/schedule-meeting
2024-11-27 11:44:27 info: GET /calendly/oauth/redirect?code=TqGOGqde5HxmmSUZJ3kVE2WxmwVVQsg-URgYKE0YUic
2024-11-27 11:44:33 info: GET /calendly/schedule-meeting
2024-11-27 11:44:37 info: GET /calendly/all-events
2024-11-27 11:44:39 info: GET /favicon.ico
2024-11-27 11:46:10 info: GET /calendly/schedule-meeting
2024-11-27 11:46:11 info: GET /calendly/schedule-meeting
2024-11-27 11:46:12 info: GET /calendly/oauth/redirect?code=13F0y0pxQBnyXerk5XSPsQZUPu6TF-cDIGbutTjzBv4
2024-11-27 11:46:24 info: GET /calendly/all-events
2024-11-27 11:46:27 info: GET /favicon.ico
2024-11-27 11:49:33 info: GET /calendly/schedule-meeting
2024-11-27 11:49:34 info: GET /calendly/schedule-meeting
2024-11-27 11:49:34 info: GET /calendly/oauth/redirect?code=nruoGjpbNCQ_rXFoJMWaZ7E7lZi5vh3wMXjj5OHgL7c
2024-11-27 11:49:51 info: GET /calendly/all-events
2024-11-27 11:49:52 info: GET /favicon.ico
2024-11-27 11:51:08 info: GET /calendly/schedule-meeting
2024-11-27 11:51:08 info: GET /calendly/schedule-meeting
2024-11-27 11:51:09 info: GET /calendly/oauth/redirect?code=9Qp99s8vokePAYxwVolLmOWokDvhuzWgjLWSpT9fDJU
2024-11-27 11:51:17 info: GET /calendly/all-events
2024-11-27 11:51:19 info: GET /favicon.ico
2024-11-27 11:52:32 info: GET /calendly/schedule-meeting
2024-11-27 11:52:32 info: GET /calendly/schedule-meeting
2024-11-27 11:52:33 info: GET /calendly/oauth/redirect?code=p-Q6qGDOJs773wj_5CDyXOuyikHm43AGUiHu2yKmvc0
2024-11-27 11:52:38 info: GET /calendly/all-events
2024-11-27 11:52:41 info: GET /favicon.ico
2024-11-27 11:52:44 info: GET /calendly/all-events
2024-11-27 11:52:46 info: GET /favicon.ico
2024-11-27 11:54:27 info: GET /calendly/schedule-meeting
2024-11-27 11:54:27 info: GET /calendly/schedule-meeting
2024-11-27 11:54:28 info: GET /calendly/oauth/redirect?code=_xEB5tFOkv3u-q24vJGjONtmnJ5DzdNEHSuoTgLyLLQ
2024-11-27 11:54:31 info: GET /calendly/all-events
2024-11-27 11:54:33 info: GET /favicon.ico
2024-11-27 12:07:12 info: GET /calendly/schedule-meeting
2024-11-27 12:07:12 info: GET /calendly/schedule-meeting
2024-11-27 12:07:13 info: GET /calendly/oauth/redirect?code=3rCTv1Dq1590N8Jj5q4IainqgiTjqsCJpb_DEmlBQZ0
2024-11-27 12:07:19 info: GET /calendly/all-events
2024-11-27 12:07:20 info: GET /favicon.ico
2024-11-27 12:13:01 info: GET /calendly/schedule-meeting
2024-11-27 12:13:02 info: GET /calendly/schedule-meeting
2024-11-27 12:13:03 info: GET /calendly/oauth/redirect?code=1MhqrtTaYMXo1zmvNgHlgPECCcHWBhIq8PcJZCk0Ge4
2024-11-27 12:13:11 info: GET /calendly/all-events
2024-11-27 12:13:13 info: GET /favicon.ico
2024-11-27 12:14:47 info: GET /calendly/schedule-meeting
2024-11-27 12:14:47 info: GET /calendly/schedule-meeting
2024-11-27 12:14:48 info: GET /calendly/oauth/redirect?code=Xft55YMd9TrbvIuUtelQVg1hk4a9N7d9F0LRow-Hj2g
2024-11-27 12:14:51 info: GET /calendly/all-events
2024-11-27 12:14:53 info: GET /favicon.ico
2024-11-27 12:16:51 info: GET /calendly/schedule-meeting
2024-11-27 12:16:52 info: GET /calendly/schedule-meeting
2024-11-27 12:16:53 info: GET /calendly/oauth/redirect?code=0I-8-u9yrc2PA44IMVXtbCtXfDu6vbexf-5caxNWKGg
2024-11-27 12:16:59 info: GET /calendly/all-events
2024-11-27 12:17:01 info: GET /favicon.ico
