2024-12-03 11:13:28 info: GET /
2024-12-03 11:13:29 info: GET /favicon.ico
2024-12-03 11:14:18 info: GET /calendly/auth/schedule-meeting
2024-12-03 11:14:19 info: GET /favicon.ico
2024-12-03 11:14:45 info: GET /calendly/auth/schedule-meeting
2024-12-03 11:14:45 info: GET /favicon.ico
2024-12-03 11:15:24 info: GET /calendly/auth/schedule-meeting
2024-12-03 11:15:24 info: GET /favicon.ico
2024-12-03 11:15:52 info: GET /calendly/auth/schedule-meeting
2024-12-03 11:15:53 info: GET /favicon.ico
2024-12-03 11:16:00 info: GET /calendly/schedule-meeting
2024-12-03 11:16:01 info: GET /calendly/oauth/redirect?code=rxU7ifWp_WyOF1Hs9brVbeP23yM-pC9vMoMpn876VjI
2024-12-03 11:16:34 info: GET /calendly/schedule-meeting
2024-12-03 11:16:34 info: GET /calendly/oauth/redirect?code=a2DKTXliXWD-WYhCIQv1yVmUd2K7ZKoTGZV9l3jaaDI
2024-12-03 11:34:45 info: GET /calendly/schedule-meeting
2024-12-03 11:34:48 info: GET /calendly/oauth/redirect?code=QKdYFwKyeium7JGRDu0d7f4qkIRte78JBfMchJLxZmc
2024-12-03 11:41:45 info: GET /calendly/schedule-meeting
2024-12-03 11:41:47 info: GET /calendly/oauth/redirect?code=QZBst0cxspa47y8XOVq6UMuEgTKmfJZSkQnbhgfWY5Q&state=Internal+Server+Error+Meeting
2024-12-03 11:49:59 info: GET /calendly/schedule-meeting
2024-12-03 11:50:08 info: GET /calendly/oauth/redirect?code=PmiTe6ToAAg59hkmaVUFjtmA7F5F3HLQtx2ObC2z7gQ&state=Internal+Server+Error+Meeting
2024-12-03 11:56:37 info: GET /calendly/webhook/receive
2024-12-03 11:59:16 info: GET /calendly/schedule-meeting
2024-12-03 11:59:20 info: GET /calendly/oauth/redirect?code=B9kICRWoODLxvi24m1iKORHWlWBayW4ULUTF5keB3ko&state=Internal+Server+Error+Meeting
2024-12-03 12:01:30 info: GET /calendly/schedule-meeting
2024-12-03 12:01:37 info: GET /calendly/schedule-meeting
2024-12-03 12:01:37 info: GET /calendly/schedule-meeting
2024-12-03 12:02:02 info: GET /calendly/schedule-meeting
2024-12-03 12:02:33 info: GET /calendly/schedule-meeting
2024-12-03 12:02:36 info: GET /favicon.ico
2024-12-03 12:02:59 info: GET /calendly/schedule-meeting
2024-12-03 12:03:08 info: GET /calendly/oauth/redirect?code=48LqD5PXxcnTeGJKjygfyhQcI126YBj5epXOzzRKrjE&state=Internal+Server+Error+Meeting
2024-12-03 12:10:01 info: GET /favicon.ico
2024-12-03 12:10:04 info: GET /calendly/schedule-meeting
2024-12-03 12:10:05 info: GET /calendly/schedule-meeting
2024-12-03 12:10:07 info: GET /calendly/oauth/redirect?code=tv8888Y_T4WilG4iULUYc-aoR9BZmmT2XNhe4VVeTuk&state=Internal+Server+Error+Meeting
2024-12-03 12:14:28 info: GET /calendly/schedule-meeting
2024-12-03 12:14:30 info: GET /calendly/oauth/redirect?code=ee06HV3Ob5ApxGECXuSEkqKUDjOittZ_K2PUGswTRTE&state=Internal+Server+Error+Meeting
2024-12-03 12:17:30 info: GET /calendly/schedule-meeting
2024-12-03 12:17:31 info: GET /calendly/oauth/redirect?code=CThMZij7F74lk2lKLbVMjZ5z8iAREd0J9fneCdjusWE&state=Internal+Server+Error+Meeting
