2024-11-25 17:01:26 info: GET /calendly/oauth/url
2024-11-25 17:01:28 info: GET /favicon.ico
2024-11-25 17:02:54 info: GET /calendly/schedule
2024-11-25 17:02:55 info: GET /favicon.ico
2024-11-25 17:03:01 info: GET /calendly/oauth/redirect?code=2x-4qtN8DCE3ob3u5qfj9cvDwLOwmQw_ejKX-YUtW4M
2024-11-25 17:06:58 info: GET /calendly/oauth/authorize
2024-11-25 17:07:05 info: GET /calendly/oauth/redirect?code=Bign1MSO_AKBenGuDMNYB9EYC-3aIKEPxMH67_FlAPo
2024-11-25 17:11:49 info: GET /calendly/oauth/authorize
2024-11-25 17:11:51 info: GET /calendly/oauth/redirect?code=-oao1aS-CHyL8vMElV09TReyD7ruuDTRlX72nTVLlhI
2024-11-25 17:18:42 info: GET /calendly/oauth/authorize
2024-11-25 17:18:46 info: GET /calendly/oauth/authorize
2024-11-25 17:18:49 info: GET /calendly/oauth/authorize
2024-11-25 17:19:53 info: GET /calendly/oauth/authorize
2024-11-25 17:20:56 info: GET /calendly/oauth/authorize
2024-11-25 17:20:56 info: GET /calendly/oauth/authorize
2024-11-25 17:20:58 info: GET /calendly/oauth/redirect?code=SRFrbanBHpndy0akRgU0iJSFIGPAim6TM9vM4AbUrM0
2024-11-25 17:25:51 info: GET /calendly/oauth/authorize
2024-11-25 17:25:51 info: GET /calendly/oauth/authorize
2024-11-25 17:25:52 info: GET /calendly/oauth/redirect?code=4Bq2UvcU_kNyyXdWm-8sy1K5vsI4L231HNTyEdk78tw
2024-11-25 17:26:02 info: GET /calendly/oauth/authorize
2024-11-25 17:26:02 info: GET /calendly/oauth/authorize
2024-11-25 17:26:03 info: GET /calendly/oauth/redirect?code=54sCmrsYYWN8_GTIbh_YdkyM2QKzphfwbNuoaq_tJoA
2024-11-25 17:27:41 info: GET /calendly/oauth/authorize
2024-11-25 17:27:41 info: GET /calendly/oauth/authorize
2024-11-25 17:27:42 info: GET /calendly/oauth/redirect?code=zVtE9bUoQx_30dQ0DUHsLolg02jjzeCMxo01EJkf4QM
2024-11-25 17:28:06 info: GET /calendly/oauth/authorize
2024-11-25 17:35:25 info: GET /calendly/oauth/authorize
2024-11-25 17:35:25 info: GET /calendly/oauth/authorize
2024-11-25 17:35:26 info: GET /calendly/oauth/redirect?code=-7LZCfWSY9shMfN8wlqpBhnWj8q-Mu8YSadFNBxBOlQ
2024-11-25 17:50:05 info: GET /calendly/oauth/authorize
2024-11-25 17:50:05 info: GET /calendly/oauth/authorize
2024-11-25 17:50:07 info: GET /calendly/oauth/redirect?code=9dcom6JhzZ8EjWKGxuJEOnxp6ZVbQXogzMRwg7TUiFk
